<?xml version="1.0" encoding="UTF-8"?>
<!-- Generated by org.testng.reporters.JUnitXMLReporter -->
<testsuite hostname="RKK" ignored="4" name="TestSanity" tests="1" failures="0" timestamp="2022-12-31T13:04:23 IST" time="9.204" errors="0">
  <testcase name="VerifyHomePageHeader" time="0.094" classname="com.SauceLabTestClasses.HomePageTest"/>
  <testcase name="VerifyHomePageMenuBtn" time="0.0" classname="com.SauceLabTestClasses.HomePageTest">
    <ignored/>
  </testcase> <!-- VerifyHomePageMenuBtn -->
  <testcase name="VerifyDropDown" time="0.0" classname="com.SauceLabTestClasses.HomePageTest">
    <ignored/>
  </testcase> <!-- VerifyDropDown -->
  <testcase name="VerifyAddToCart" time="0.0" classname="com.SauceLabTestClasses.HomePageTest">
    <ignored/>
  </testcase> <!-- VerifyAddToCart -->
  <testcase name="VerifyHomePageTitle" time="0.0" classname="com.SauceLabTestClasses.HomePageTest">
    <ignored/>
  </testcase> <!-- VerifyHomePageTitle -->
</testsuite> <!-- TestSanity -->
