<?xml version="1.0" encoding="UTF-8"?>
<!-- Generated by org.testng.reporters.JUnitXMLReporter -->
<testsuite hostname="RKK" ignored="4" name="Test2" tests="1" failures="0" timestamp="2022-12-31T13:08:21 IST" time="11.834" errors="0">
  <testcase name="VerifyHomePageTitle" time="0.9" classname="com.SauceLabTestClasses.HomePageTest"/>
  <testcase name="VerifyHomePageMenuBtn" time="0.0" classname="com.SauceLabTestClasses.HomePageTest">
    <ignored/>
  </testcase> <!-- VerifyHomePageMenuBtn -->
  <testcase name="VerifyDropDown" time="0.0" classname="com.SauceLabTestClasses.HomePageTest">
    <ignored/>
  </testcase> <!-- VerifyDropDown -->
  <testcase name="VerifyAddToCart" time="0.0" classname="com.SauceLabTestClasses.HomePageTest">
    <ignored/>
  </testcase> <!-- VerifyAddToCart -->
  <testcase name="VerifyHomePageHeader" time="0.0" classname="com.SauceLabTestClasses.HomePageTest">
    <ignored/>
  </testcase> <!-- VerifyHomePageHeader -->
</testsuite> <!-- Test2 -->
