<?xml version="1.0" encoding="UTF-8"?>
<!-- Generated by org.testng.reporters.JUnitXMLReporter -->
<testsuite hostname="RKK" ignored="0" name="Test" tests="11" failures="0" timestamp="2023-01-06T16:58:35 IST" time="118.8" errors="0">
  <testcase name="VerifyLogin" time="1.272" classname="com.SauceLabTestClasses.LoginPageTest"/>
  <testcase name="VerifyLoginPageURL" time="0.029" classname="com.SauceLabTestClasses.LoginPageTest"/>
  <testcase name="VerifyLoginPageTitle" time="0.012" classname="com.SauceLabTestClasses.LoginPageTest"/>
  <testcase name="VerifyAddToCart" time="0.448" classname="com.SauceLabTestClasses.HomePageTest"/>
  <testcase name="VerifyDropDown" time="1.252" classname="com.SauceLabTestClasses.HomePageTest"/>
  <testcase name="VerifyHomePageHeader" time="0.077" classname="com.SauceLabTestClasses.HomePageTest"/>
  <testcase name="VerifyHomePageMenuBtn" time="5.548" classname="com.SauceLabTestClasses.HomePageTest"/>
  <testcase name="VerifyHomePageTitle" time="0.023" classname="com.SauceLabTestClasses.HomePageTest"/>
  <testcase name="VerifyCartPageHeader" time="0.072" classname="com.SauceLabTestClasses.CartPageTest"/>
  <testcase name="VerifyCartPageTitle" time="0.017" classname="com.SauceLabTestClasses.CartPageTest"/>
  <testcase name="verifyBuyProduct" time="1.207" classname="com.SauceLabTestClasses.CartPageTest"/>
</testsuite> <!-- Test -->
