<?xml version="1.0" encoding="UTF-8"?>
<!-- Generated by org.testng.reporters.JUnitXMLReporter -->
<testsuite hostname="RKK" ignored="2" name="Default test" tests="2" failures="0" timestamp="2023-01-06T16:23:00 IST" time="40.305" errors="0">
  <testcase name="VerifyLogin" time="2.675" classname="com.SauceLabTestClasses.LoginPageTest"/>
  <testcase name="VerifyLogin" time="5.956" classname="com.SauceLabTestClasses.LoginPageTest"/>
  <testcase name="VerifyLoginPageTitle" time="0.0" classname="com.SauceLabTestClasses.LoginPageTest">
    <ignored/>
  </testcase> <!-- VerifyLoginPageTitle -->
  <testcase name="VerifyLoginPageURL" time="0.0" classname="com.SauceLabTestClasses.LoginPageTest">
    <ignored/>
  </testcase> <!-- VerifyLoginPageURL -->
</testsuite> <!-- Default test -->
